<?xml version="1.0" encoding="UTF-8"?>
<robot generator="Robot 3.2.2 (Python 3.8.5 on win32)" generated="20200910 22:02:40.718" rpa="false">
<suite id="s1" name="RobotDemo" source="C:\Users\Dharm\git\RobotTest1\RobotDemo">
<suite id="s1-s1" name="Test1" source="C:\Users\Dharm\git\RobotTest1\RobotDemo\Test1">
<suite id="s1-s1-s1" name="TestSuite1" source="C:\Users\Dharm\git\RobotTest1\RobotDemo\Test1\TestSuite1.robot">
<kw name="Log" library="BuiltIn" type="setup">
<doc>Logs the given message with the given level.</doc>
<arguments>
<arg>Test Suit setup</arg>
</arguments>
<msg timestamp="20200910 22:02:40.974" level="INFO">Test Suit setup</msg>
<status status="PASS" starttime="20200910 22:02:40.974" endtime="20200910 22:02:40.974"></status>
</kw>
<test id="s1-s1-s1-t1" name="ThirdTest">
<kw name="Log" library="BuiltIn" type="setup">
<doc>Logs the given message with the given level.</doc>
<arguments>
<arg>Test Setup</arg>
</arguments>
<msg timestamp="20200910 22:02:40.977" level="INFO">Test Setup</msg>
<status status="PASS" starttime="20200910 22:02:40.976" endtime="20200910 22:02:40.977"></status>
</kw>
<kw name="Open Browser" library="SeleniumLibrary">
<doc>Opens a new browser instance to the optional ``url``.</doc>
<arguments>
<arg>${URL}</arg>
<arg>chrome</arg>
</arguments>
<msg timestamp="20200910 22:02:40.977" level="INFO">Opening browser 'chrome' to base url 'https://opensource-demo.orangehrmlive.com/'.</msg>
<status status="PASS" starttime="20200910 22:02:40.977" endtime="20200910 22:02:49.462"></status>
</kw>
<kw name="Set Browser Implicit Wait" library="SeleniumLibrary">
<doc>Sets the implicit wait value used by Selenium.</doc>
<arguments>
<arg>5</arg>
</arguments>
<status status="PASS" starttime="20200910 22:02:49.462" endtime="20200910 22:02:49.468"></status>
</kw>
<kw name="LoginKW">
<kw name="Input Text" library="SeleniumLibrary">
<doc>Types the given ``text`` into the text field identified by ``locator``.</doc>
<arguments>
<arg>id=txtUsername</arg>
<arg>${CREDENTIALS}[0]</arg>
</arguments>
<msg timestamp="20200910 22:02:49.471" level="INFO">Typing text 'Admin' into text field 'id=txtUsername'.</msg>
<status status="PASS" starttime="20200910 22:02:49.470" endtime="20200910 22:02:49.569"></status>
</kw>
<kw name="Input Text" library="SeleniumLibrary">
<doc>Types the given ``text`` into the text field identified by ``locator``.</doc>
<arguments>
<arg>id=txtPassword</arg>
<arg>${LOGINDATA}[password]</arg>
</arguments>
<msg timestamp="20200910 22:02:49.570" level="INFO">Typing text 'admin123' into text field 'id=txtPassword'.</msg>
<status status="PASS" starttime="20200910 22:02:49.569" endtime="20200910 22:02:49.672"></status>
</kw>
<kw name="Click Button" library="SeleniumLibrary">
<doc>Clicks the button identified by ``locator``.</doc>
<arguments>
<arg>name=Submit</arg>
</arguments>
<msg timestamp="20200910 22:02:49.673" level="INFO">Clicking button 'name=Submit'.</msg>
<status status="PASS" starttime="20200910 22:02:49.672" endtime="20200910 22:02:56.088"></status>
</kw>
<status status="PASS" starttime="20200910 22:02:49.469" endtime="20200910 22:02:56.089"></status>
</kw>
<kw name="Click Element" library="SeleniumLibrary">
<doc>Click the element identified by ``locator``.</doc>
<arguments>
<arg>id=welcome</arg>
</arguments>
<msg timestamp="20200910 22:02:56.091" level="INFO">Clicking element 'id=welcome'.</msg>
<status status="PASS" starttime="20200910 22:02:56.090" endtime="20200910 22:02:56.163"></status>
</kw>
<kw name="Click Element" library="SeleniumLibrary">
<doc>Click the element identified by ``locator``.</doc>
<arguments>
<arg>link=Logout</arg>
</arguments>
<msg timestamp="20200910 22:02:56.164" level="INFO">Clicking element 'link=Logout'.</msg>
<status status="PASS" starttime="20200910 22:02:56.164" endtime="20200910 22:02:57.812"></status>
</kw>
<kw name="Sleep" library="BuiltIn">
<doc>Pauses the test executed for the given time.</doc>
<arguments>
<arg>2</arg>
</arguments>
<msg timestamp="20200910 22:02:59.814" level="INFO">Slept 2 seconds</msg>
<status status="PASS" starttime="20200910 22:02:57.813" endtime="20200910 22:02:59.814"></status>
</kw>
<kw name="Close Browser" library="SeleniumLibrary">
<doc>Closes the current browser.</doc>
<status status="PASS" starttime="20200910 22:02:59.815" endtime="20200910 22:03:02.034"></status>
</kw>
<kw name="Log" library="BuiltIn">
<doc>Logs the given message with the given level.</doc>
<arguments>
<arg>3rd Test Completed</arg>
</arguments>
<msg timestamp="20200910 22:03:02.036" level="INFO">3rd Test Completed</msg>
<status status="PASS" starttime="20200910 22:03:02.035" endtime="20200910 22:03:02.036"></status>
</kw>
<kw name="Log" library="BuiltIn" type="teardown">
<doc>Logs the given message with the given level.</doc>
<arguments>
<arg>Test Teardown</arg>
</arguments>
<msg timestamp="20200910 22:03:02.038" level="INFO">Test Teardown</msg>
<status status="PASS" starttime="20200910 22:03:02.037" endtime="20200910 22:03:02.038"></status>
</kw>
<doc>This is a login test</doc>
<tags>
<tag>Full-Test</tag>
</tags>
<status status="PASS" starttime="20200910 22:02:40.975" endtime="20200910 22:03:02.038" critical="yes"></status>
</test>
<kw name="Log" library="BuiltIn" type="teardown">
<doc>Logs the given message with the given level.</doc>
<arguments>
<arg>Test Suit Teardown</arg>
</arguments>
<msg timestamp="20200910 22:03:02.041" level="INFO">Test Suit Teardown</msg>
<status status="PASS" starttime="20200910 22:03:02.041" endtime="20200910 22:03:02.042"></status>
</kw>
<status status="PASS" starttime="20200910 22:02:40.784" endtime="20200910 22:03:02.042"></status>
</suite>
<status status="PASS" starttime="20200910 22:02:40.781" endtime="20200910 22:03:02.050"></status>
</suite>
<status status="PASS" starttime="20200910 22:02:40.753" endtime="20200910 22:03:02.057"></status>
</suite>
<statistics>
<total>
<stat pass="1" fail="0">Critical Tests</stat>
<stat pass="1" fail="0">All Tests</stat>
</total>
<tag>
<stat pass="1" fail="0">Full-Test</stat>
</tag>
<suite>
<stat pass="1" fail="0" id="s1" name="RobotDemo">RobotDemo</stat>
<stat pass="1" fail="0" id="s1-s1" name="Test1">RobotDemo.Test1</stat>
<stat pass="1" fail="0" id="s1-s1-s1" name="TestSuite1">RobotDemo.Test1.TestSuite1</stat>
</suite>
</statistics>
<errors>
</errors>
</robot>
