<?xml version="1.0" encoding="UTF-8"?>
<robot generator="Robot 3.2.2 (Python 3.8.5 on win32)" generated="20200905 22:32:08.508" rpa="false">
<suite id="s1" name="RobotDemo" source="C:\Users\Dharm\git\RobotTest1\RobotDemo">
<suite id="s1-s1" name="Test2" source="C:\Users\Dharm\git\RobotTest1\RobotDemo\Test2">
<suite id="s1-s1-s1" name="TagSetup" source="C:\Users\Dharm\git\RobotTest1\RobotDemo\Test2\TagSetup.robot">
<kw name="Log" library="BuiltIn" type="setup">
<doc>Logs the given message with the given level.</doc>
<arguments>
<arg>Test Suit setup</arg>
</arguments>
<msg timestamp="20200905 22:32:08.831" level="INFO">Test Suit setup</msg>
<status status="PASS" starttime="20200905 22:32:08.831" endtime="20200905 22:32:08.831"></status>
</kw>
<test id="s1-s1-s1-t1" name="FirstTest">
<kw name="Log" library="BuiltIn" type="setup">
<doc>Logs the given message with the given level.</doc>
<arguments>
<arg>Test Setup</arg>
</arguments>
<msg timestamp="20200905 22:32:08.833" level="INFO">Test Setup</msg>
<status status="PASS" starttime="20200905 22:32:08.833" endtime="20200905 22:32:08.833"></status>
</kw>
<kw name="Log" library="BuiltIn">
<doc>Logs the given message with the given level.</doc>
<arguments>
<arg>1st Test Completed.....</arg>
</arguments>
<msg timestamp="20200905 22:32:08.834" level="INFO">1st Test Completed.....</msg>
<status status="PASS" starttime="20200905 22:32:08.833" endtime="20200905 22:32:08.834"></status>
</kw>
<kw name="Log" library="BuiltIn" type="teardown">
<doc>Logs the given message with the given level.</doc>
<arguments>
<arg>Test Teardown</arg>
</arguments>
<msg timestamp="20200905 22:32:08.834" level="INFO">Test Teardown</msg>
<status status="PASS" starttime="20200905 22:32:08.834" endtime="20200905 22:32:08.834"></status>
</kw>
<tags>
<tag>Smoke</tag>
</tags>
<status status="PASS" starttime="20200905 22:32:08.832" endtime="20200905 22:32:08.835" critical="yes"></status>
</test>
<test id="s1-s1-s1-t2" name="SecondTest">
<kw name="Log" library="BuiltIn" type="setup">
<doc>Logs the given message with the given level.</doc>
<arguments>
<arg>Test Setup</arg>
</arguments>
<msg timestamp="20200905 22:32:08.836" level="INFO">Test Setup</msg>
<status status="PASS" starttime="20200905 22:32:08.836" endtime="20200905 22:32:08.836"></status>
</kw>
<kw name="Set Tags" library="BuiltIn">
<doc>Adds given ``tags`` for the current test or all tests in a suite.</doc>
<arguments>
<arg>Regression1</arg>
</arguments>
<msg timestamp="20200905 22:32:08.837" level="INFO">Set tag 'Regression1'.</msg>
<status status="PASS" starttime="20200905 22:32:08.836" endtime="20200905 22:32:08.837"></status>
</kw>
<kw name="Log" library="BuiltIn">
<doc>Logs the given message with the given level.</doc>
<arguments>
<arg>2nd Test Completed.....</arg>
</arguments>
<msg timestamp="20200905 22:32:08.837" level="INFO">2nd Test Completed.....</msg>
<status status="PASS" starttime="20200905 22:32:08.837" endtime="20200905 22:32:08.838"></status>
</kw>
<kw name="Log" library="BuiltIn" type="teardown">
<doc>Logs the given message with the given level.</doc>
<arguments>
<arg>Test Teardown</arg>
</arguments>
<msg timestamp="20200905 22:32:08.838" level="INFO">Test Teardown</msg>
<status status="PASS" starttime="20200905 22:32:08.838" endtime="20200905 22:32:08.838"></status>
</kw>
<tags>
<tag>Full</tag>
<tag>Regression1</tag>
</tags>
<status status="PASS" starttime="20200905 22:32:08.835" endtime="20200905 22:32:08.838" critical="yes"></status>
</test>
<test id="s1-s1-s1-t3" name="ThirdTest">
<kw name="Log" library="BuiltIn" type="setup">
<doc>Logs the given message with the given level.</doc>
<arguments>
<arg>Test Setup</arg>
</arguments>
<msg timestamp="20200905 22:32:08.840" level="INFO">Test Setup</msg>
<status status="PASS" starttime="20200905 22:32:08.840" endtime="20200905 22:32:08.840"></status>
</kw>
<kw name="Log" library="BuiltIn">
<doc>Logs the given message with the given level.</doc>
<arguments>
<arg>3rd Test Completed.....</arg>
</arguments>
<msg timestamp="20200905 22:32:08.841" level="INFO">3rd Test Completed.....</msg>
<status status="PASS" starttime="20200905 22:32:08.841" endtime="20200905 22:32:08.841"></status>
</kw>
<kw name="Set Tags" library="BuiltIn">
<doc>Adds given ``tags`` for the current test or all tests in a suite.</doc>
<arguments>
<arg>Regression2</arg>
</arguments>
<msg timestamp="20200905 22:32:08.842" level="INFO">Set tag 'Regression2'.</msg>
<status status="PASS" starttime="20200905 22:32:08.841" endtime="20200905 22:32:08.842"></status>
</kw>
<kw name="Remove Tags" library="BuiltIn">
<doc>Removes given ``tags`` from the current test or all tests in a suite.</doc>
<arguments>
<arg>Regression2</arg>
</arguments>
<msg timestamp="20200905 22:32:08.842" level="INFO">Removed tag 'Regression2'.</msg>
<status status="PASS" starttime="20200905 22:32:08.842" endtime="20200905 22:32:08.843"></status>
</kw>
<kw name="Log" library="BuiltIn" type="teardown">
<doc>Logs the given message with the given level.</doc>
<arguments>
<arg>Test Teardown</arg>
</arguments>
<msg timestamp="20200905 22:32:08.843" level="INFO">Test Teardown</msg>
<status status="PASS" starttime="20200905 22:32:08.843" endtime="20200905 22:32:08.844"></status>
</kw>
<tags>
<tag>Full</tag>
</tags>
<status status="PASS" starttime="20200905 22:32:08.839" endtime="20200905 22:32:08.844" critical="yes"></status>
</test>
<test id="s1-s1-s1-t4" name="FourthTest">
<kw name="Log" library="BuiltIn" type="setup">
<doc>Logs the given message with the given level.</doc>
<arguments>
<arg>Test Setup</arg>
</arguments>
<msg timestamp="20200905 22:32:08.846" level="INFO">Test Setup</msg>
<status status="PASS" starttime="20200905 22:32:08.846" endtime="20200905 22:32:08.846"></status>
</kw>
<kw name="Log" library="BuiltIn">
<doc>Logs the given message with the given level.</doc>
<arguments>
<arg>4th Test Completed.....</arg>
</arguments>
<msg timestamp="20200905 22:32:08.847" level="INFO">4th Test Completed.....</msg>
<status status="PASS" starttime="20200905 22:32:08.847" endtime="20200905 22:32:08.848"></status>
</kw>
<kw name="Log" library="BuiltIn" type="teardown">
<doc>Logs the given message with the given level.</doc>
<arguments>
<arg>Test Teardown</arg>
</arguments>
<msg timestamp="20200905 22:32:08.849" level="INFO">Test Teardown</msg>
<status status="PASS" starttime="20200905 22:32:08.848" endtime="20200905 22:32:08.849"></status>
</kw>
<tags>
<tag>Regression3</tag>
</tags>
<status status="PASS" starttime="20200905 22:32:08.845" endtime="20200905 22:32:08.849" critical="yes"></status>
</test>
<test id="s1-s1-s1-t5" name="FifthTest">
<kw name="Log" library="BuiltIn" type="setup">
<doc>Logs the given message with the given level.</doc>
<arguments>
<arg>Test Setup</arg>
</arguments>
<msg timestamp="20200905 22:32:08.852" level="INFO">Test Setup</msg>
<status status="PASS" starttime="20200905 22:32:08.852" endtime="20200905 22:32:08.852"></status>
</kw>
<kw name="Log" library="BuiltIn">
<doc>Logs the given message with the given level.</doc>
<arguments>
<arg>5th Test Completed.....</arg>
</arguments>
<msg timestamp="20200905 22:32:08.853" level="INFO">5th Test Completed.....</msg>
<status status="PASS" starttime="20200905 22:32:08.853" endtime="20200905 22:32:08.854"></status>
</kw>
<kw name="Log" library="BuiltIn" type="teardown">
<doc>Logs the given message with the given level.</doc>
<arguments>
<arg>Test Teardown</arg>
</arguments>
<msg timestamp="20200905 22:32:08.855" level="INFO">Test Teardown</msg>
<status status="PASS" starttime="20200905 22:32:08.854" endtime="20200905 22:32:08.855"></status>
</kw>
<tags>
<tag>Regression3</tag>
</tags>
<status status="PASS" starttime="20200905 22:32:08.850" endtime="20200905 22:32:08.855" critical="yes"></status>
</test>
<test id="s1-s1-s1-t6" name="SixthTest">
<kw name="Log" library="BuiltIn" type="setup">
<doc>Logs the given message with the given level.</doc>
<arguments>
<arg>Test Setup</arg>
</arguments>
<msg timestamp="20200905 22:32:08.859" level="INFO">Test Setup</msg>
<status status="PASS" starttime="20200905 22:32:08.858" endtime="20200905 22:32:08.860"></status>
</kw>
<kw name="Open Browser" library="SeleniumLibrary">
<doc>Opens a new browser instance to the optional ``url``.</doc>
<arguments>
<arg>https://google.ie</arg>
<arg>chrome</arg>
</arguments>
<msg timestamp="20200905 22:32:08.861" level="INFO">Opening browser 'chrome' to base url 'https://google.ie'.</msg>
<status status="PASS" starttime="20200905 22:32:08.860" endtime="20200905 22:32:13.501"></status>
</kw>
<kw name="Set Browser Implicit Wait" library="SeleniumLibrary">
<doc>Sets the implicit wait value used by Selenium.</doc>
<arguments>
<arg>3</arg>
</arguments>
<status status="PASS" starttime="20200905 22:32:13.502" endtime="20200905 22:32:13.504"></status>
</kw>
<kw name="Input Text" library="SeleniumLibrary">
<doc>Types the given ``text`` into the text field identified by ``locator``.</doc>
<arguments>
<arg>name=q</arg>
<arg>Temple</arg>
</arguments>
<msg timestamp="20200905 22:32:13.505" level="INFO">Typing text 'Temple' into text field 'name=q'.</msg>
<status status="PASS" starttime="20200905 22:32:13.505" endtime="20200905 22:32:13.635"></status>
</kw>
<kw name="Press Keys" library="SeleniumLibrary">
<doc>Simulates the user pressing key(s) to an element or on the active browser.</doc>
<arguments>
<arg>name=q</arg>
<arg>ENTER</arg>
</arguments>
<msg timestamp="20200905 22:32:13.636" level="INFO">Sending key(s) ('ENTER',) to name=q element.</msg>
<msg timestamp="20200905 22:32:13.930" level="INFO">Pressing special key ENTER to element.</msg>
<msg timestamp="20200905 22:32:13.930" level="INFO">Releasing special key ENTER.</msg>
<status status="PASS" starttime="20200905 22:32:13.635" endtime="20200905 22:32:15.672"></status>
</kw>
<kw name="Sleep" library="BuiltIn">
<doc>Pauses the test executed for the given time.</doc>
<arguments>
<arg>2</arg>
</arguments>
<msg timestamp="20200905 22:32:17.675" level="INFO">Slept 2 seconds</msg>
<status status="PASS" starttime="20200905 22:32:15.672" endtime="20200905 22:32:17.675"></status>
</kw>
<kw name="Close Browser" library="SeleniumLibrary">
<doc>Closes the current browser.</doc>
<status status="PASS" starttime="20200905 22:32:17.675" endtime="20200905 22:32:19.838"></status>
</kw>
<kw name="Log" library="BuiltIn">
<doc>Logs the given message with the given level.</doc>
<arguments>
<arg>6st Test Completed</arg>
</arguments>
<msg timestamp="20200905 22:32:19.840" level="INFO">6st Test Completed</msg>
<status status="PASS" starttime="20200905 22:32:19.839" endtime="20200905 22:32:19.841"></status>
</kw>
<kw name="Log" library="BuiltIn" type="teardown">
<doc>Logs the given message with the given level.</doc>
<arguments>
<arg>Test Teardown</arg>
</arguments>
<msg timestamp="20200905 22:32:19.843" level="INFO">Test Teardown</msg>
<status status="PASS" starttime="20200905 22:32:19.842" endtime="20200905 22:32:19.844"></status>
</kw>
<tags>
<tag>Full</tag>
</tags>
<status status="PASS" starttime="20200905 22:32:08.856" endtime="20200905 22:32:19.844" critical="yes"></status>
</test>
<kw name="Log" library="BuiltIn" type="teardown">
<doc>Logs the given message with the given level.</doc>
<arguments>
<arg>Test Suit Teardown</arg>
</arguments>
<msg timestamp="20200905 22:32:19.849" level="INFO">Test Suit Teardown</msg>
<status status="PASS" starttime="20200905 22:32:19.848" endtime="20200905 22:32:19.850"></status>
</kw>
<status status="PASS" starttime="20200905 22:32:08.595" endtime="20200905 22:32:19.850"></status>
</suite>
<status status="PASS" starttime="20200905 22:32:08.589" endtime="20200905 22:32:19.866"></status>
</suite>
<status status="PASS" starttime="20200905 22:32:08.545" endtime="20200905 22:32:19.873"></status>
</suite>
<statistics>
<total>
<stat pass="6" fail="0">Critical Tests</stat>
<stat pass="6" fail="0">All Tests</stat>
</total>
<tag>
<stat pass="3" fail="0">Full</stat>
<stat pass="1" fail="0">Regression1</stat>
<stat pass="2" fail="0">Regression3</stat>
<stat pass="1" fail="0">Smoke</stat>
</tag>
<suite>
<stat pass="6" fail="0" id="s1" name="RobotDemo">RobotDemo</stat>
<stat pass="6" fail="0" id="s1-s1" name="Test2">RobotDemo.Test2</stat>
<stat pass="6" fail="0" id="s1-s1-s1" name="TagSetup">RobotDemo.Test2.TagSetup</stat>
</suite>
</statistics>
<errors>
</errors>
</robot>
